   1.00000000000000       0.000000000000000E+000  0.000000000000000E+000
  0.000000000000000E+000
  0.973437500000000       1.935961704553174E+016  9.104281724138318E-005
   2443.98224717393     
  0.946875000000000       1.824798395583958E+016  7.594981895992067E-005
   2127.13348788382     
  0.920312500000000       1.758235921905874E+016  7.089044097031602E-005
   2008.71875112218     
  0.893750000000000       1.706380952297534E+016  6.770401147260625E-005
   1930.34986549755     
  0.867187500000000       1.661967264722144E+016  6.516214222792895E-005
   1866.60382770656     
  0.840625000000000       1.620286149140551E+016  6.247482197309283E-005
   1800.82747433219     
  0.814062500000000       1.580432946975133E+016  5.969625986418862E-005
   1733.67910224598     
  0.787500000000000       1.541849714701385E+016  5.687379281653324E-005
   1665.82117127610     
  0.760937500000000       1.504137117493793E+016  5.404162957802616E-005
   1597.73749628585     
  0.734375000000000       1.466986487303874E+016  5.122456088696238E-005
   1529.77793551919     
  0.707812500000000       1.430244287261110E+016  4.845261902723839E-005
   1462.46882899770     
  0.681250000000000       1.393728541532407E+016  4.572721939109216E-005
   1395.77124997326     
  0.654687500000000       1.357357204389397E+016  4.307246745572273E-005
   1330.14578575732     
  0.628125000000000       1.321009322458531E+016  4.049277941838575E-005
   1265.65562380938     
  0.601562500000000       1.284625763830229E+016  3.799215346807624E-005
   1202.38154507549     
  0.575000000000000       1.248076800041164E+016  3.557108350524547E-005
   1140.31340499440     
  0.548437500000000       1.211272255528991E+016  3.323304256948286E-005
   1079.52212070294     
  0.521875000000000       1.174096527999741E+016  3.097228185718190E-005
   1019.87746910832     
  0.495312500000000       1.136417943182324E+016  2.879508864116840E-005
   961.508885523980     
  0.468750000000000       1.098142101233932E+016  2.670382124016321E-005
   904.480829347179     
  0.442187500000000       1.059132989614026E+016  2.470577853692594E-005
   848.966147032209     
  0.415625000000000       1.019297899657139E+016  2.281413771624606E-005
   795.301324113744     
  0.389062500000000       9.786201198438186E+015  2.105484082189915E-005
   744.167027786396     
  0.362500000000000       9.371044641670132E+015  1.946903234941852E-005
   696.649622892370     
  0.335937500000000       8.947221252531765E+015  1.811446578507379E-005
   654.272168844046     
  0.309375000000000       8.514069775450782E+015  1.707949476113398E-005
   619.313026235210     
  0.282812500000000       8.069715099225320E+015  1.652258127826668E-005
   595.644862162274     
  0.256250000000000       7.603174723252543E+015  1.674684527514840E-005
   589.929274933454     
  0.229687500000000       7.064636508515258E+015  1.820021182584734E-005
   609.399267280999     
  0.203125000000000       6.245444058916100E+015  2.010019561384321E-005
   625.781925339131     
  0.176562500000000       4.309409861741051E+015  1.326129941637327E-005
   421.574427706174     
  0.150000000000000       4.247209518886764E+015  2.352175952618524E-005
   614.536486386365     
  0.147761194081977       4.284255694357794E+015  2.521682901174715E-005
   645.556537498233     
  0.145522388163954       4.326477429150148E+015  2.709220214685414E-005
   679.362708387932     
  0.143283582106233       4.374331824024378E+015  2.916727287264035E-005
   716.214494632004     
  0.141044776327908       4.428438559127165E+015  3.146483070897743E-005
   756.422056251161     
  0.138805970549583       4.489639695885736E+015  3.401445200860957E-005
   800.404105190943     
  0.136567164212465       4.558124126608506E+015  3.686336777537311E-005
   848.707102058168     
  0.134328358992934       4.633900863763047E+015  4.006196120292975E-005
   901.919151036782     
  0.132089552655816       4.718026850996304E+015  4.366911783403266E-005
   960.808616148061     
  0.129850747436285       4.811585981534512E+015  4.776054933675565E-005
   1026.35564176752     
  0.127611941099167       4.913884091376281E+015  5.244900484094995E-005
   1099.81296790811     
  0.125373134762049       5.022617681207344E+015  5.793141959271013E-005
   1183.21549041196     
  0.123134328424931       5.137659684360742E+015  6.448032703450751E-005
   1279.65038504023     
  0.120895522087812       5.259308906965783E+015  7.252370469057027E-005
   1394.02530464858     
  0.118656717985868       5.392526330968117E+015  8.283555080168337E-005
   1535.18073119964     
  0.116417911648750       5.541713607189243E+015  9.674080577375895E-005
   1717.04225231663     
  0.114179105311632       5.708331374748517E+015  1.162023403894132E-004
   1958.50126267773     
  0.111940298974514       5.884919956759309E+015  1.444912228251807E-004
   2286.70915503981     
  0.109701494872570       6.066306887831554E+015  1.865720038523775E-004
   2738.21987835292     
  0.107462686300278       6.224629983019607E+015  2.484565923679718E-004
   3342.77177989565     
  0.105223882198334       6.278995265681691E+015  3.311755102933740E-004
   4063.17444957338     
  0.102985073626041       6.031627512460382E+015  4.052771346332678E-004
   4594.58477228547     
  0.100746269524097       5.082844517606772E+015  2.210415173241843E-004
   2890.88631570088     
  9.850746542215350E-002  4.323795268656196E+015  8.905322841288400E-005
   1489.63363339902     
  9.626865684986116E-002  4.457531282084952E+015  1.146404238855588E-004
   1783.27983154678     
  9.402985274791720E-002  4.591127486837723E+015  1.438480028623871E-004
   2098.16008220618     
  9.179104417562486E-002  4.885456608776422E+015  2.051624359658008E-004
   2717.35488379424     
  8.955224007368090E-002  4.837828676844697E+015  2.148794225606144E-004
   2803.19069932056     
  8.731343597173692E-002  4.676614198210143E+015  2.230466366091342E-004
   2857.64344788971     
  8.507462739944459E-002  4.488676796240856E+015  2.461562549388129E-004
   3028.79844514906     
  8.283582329750062E-002  4.213618805581363E+015  2.745373918748965E-004
   3208.92903368767     
  8.059701472520829E-002  3.851952203901713E+015  3.033742526222486E-004
   3347.06394715666     
  7.835821062326433E-002  3.456741912771452E+015  3.262771917415347E-004
   3403.99911582847     
  7.611940652132035E-002  3.122380350677896E+015  3.357484881516575E-004
   3364.35372936839     
  7.388059794902803E-002  2.980706253558170E+015  3.253732859850953E-004
   3250.51773401903     
  7.164179384708405E-002  3.094304519577158E+015  2.787833446888359E-004
   2971.57619933900     
  6.940298974514009E-002  3.531262817042140E+015  1.837751292192737E-004
   2353.79357765821     
  6.716417670249940E-002  4.335390169746292E+015  6.587828751743035E-005
   1271.78123044887     
  6.492537260055543E-002  6.044657840953444E+015  4.949461973513116E-006
   252.782351223336     
  6.268656849861146E-002  6.312209833881843E+015  6.885380698991437E-011
  0.141050443942142     
  6.044776439666749E-002   58956980106712.0       1.932025798940874E-014
  1.311941803827754E-004
  5.820896029472351E-002   25023881061130.3       8.195102479423162E-015
  5.566053004056326E-005
  5.597014725208284E-002   16151656407865.1       5.288876490358458E-015
  3.592311712101884E-005
  5.373134315013886E-002   12071129054528.1       3.952520667492549E-015
  2.684673128301912E-005
  5.149253904819490E-002   9707798093211.19       3.178604525106468E-015
  2.159022960385875E-005
  4.925373494625092E-002   8213697153632.52       2.689354775329513E-015
  1.826715780420120E-005
  4.701493084430695E-002   7247856671255.95       2.373095010087604E-015
  1.611904492196143E-005
  4.477611780166627E-002   6633677977276.54       2.171990173180771E-015
  1.475308091423210E-005
  4.253731369972230E-002   6266757627271.70       2.051851016623575E-015
  1.393705060364077E-005
  4.029850959777832E-002   6080867598837.80       1.990990969673085E-015
  1.352365476989104E-005
  3.805970549583436E-002   6031986191855.33       1.974995903977843E-015
  1.341498791674526E-005
  3.582090139389038E-002   6089335220428.98       1.993788863697314E-015
  1.354260221564455E-005
  3.358208835124971E-002   6229305305926.54       2.039640735800846E-015
  1.385399594741568E-005
  3.134328424930573E-002   6429942010450.08       2.105364574785745E-015
  1.430034934548337E-005
  2.910448014736176E-002   7002233786956.96       2.292799457596820E-015
  1.557336060142619E-005
  2.686567604541779E-002   7965692876967.32       2.608378895824716E-015
  1.771662931244450E-005
  2.462687194347382E-002   9390234581559.84       3.075034714446361E-015
  2.088582721843351E-005
  2.238805890083315E-002   11535705588449.8       3.777972798558295E-015
  2.565942302449928E-005
  2.014925479888915E-002   14845459900094.1       4.862670367589355E-015
  3.302485279329261E-005
  1.791045069694519E-002   20087064512510.2       6.581283310838542E-015
  4.469298131312653E-005
  1.567164659500123E-002   28607224474682.2       9.377175870801163E-015
  6.366988465744823E-005
  1.343284249305726E-002   42769969249008.1       1.403201449658171E-014
  9.524787388329364E-005
  1.119402945041656E-002   66357368922497.9       2.180975171717796E-014
  1.479549895245898E-004
  8.955225348472595E-003   103287846757558.       3.407744765694429E-014
  2.308895498845062E-004
  6.716421246528631E-003   152040735381346.       5.057997151058148E-014
  3.417799350956535E-004
  4.477617144584667E-003   209729020297371.       6.918240534337273E-014
  4.686734398804046E-004
  2.238813042640675E-003  5.316373334457310E+015  1.901317892349910E-012
  1.224767052151735E-002
  0.000000000000000E+000  0.000000000000000E+000  0.000000000000000E+000
  0.000000000000000E+000
