          90   8.9999999999999992E-005   1.0000000000000000        0.0000000000000000        0.0000000000000000        1.1470458048488434        297.99999999999994     
          90   8.9999999999999992E-005  0.97343749999999996        1902051486526.8625        1.0617832087320873E-012  0.29341210438618720        1142.6964507458488     
          90   8.9999999999999992E-005  0.94687500000000002        2238676931776.3628        1.3065938565839618E-012  0.28962894088821484        1146.3307052866999     
          90   8.9999999999999992E-005  0.92031249999999998        2547760853773.2798        1.5312807653748003E-012  0.28589245938892394        1150.0970169954294     
          90   8.9999999999999992E-005  0.89375000000000004        2901909949927.1650        1.7962192055347294E-012  0.28219995238252771        1154.0040962489684     
          90   8.9999999999999992E-005  0.86718750000000000        3317063944193.8950        2.1172613317139162E-012  0.27854869995063986        1158.0615361764510     
          90   8.9999999999999992E-005  0.84062499999999996        3806936795173.6992        2.5095689553704196E-012  0.27493595643454083        1162.2799301947493     
          90   8.9999999999999992E-005  0.81406250000000002        4387991287479.7944        2.9922593454296353E-012  0.27135893587552590        1166.6710087007989     
          90   8.9999999999999992E-005  0.78749999999999998        5080878367073.3076        3.5903563034481472E-012  0.26781479597973246        1171.2477985333671     
          90   8.9999999999999992E-005  0.76093750000000004        5911795455775.5303        4.3370120156958065E-012  0.26430062032660495        1176.0248095686056     
          90   8.9999999999999992E-005  0.73437500000000000        6914241031664.2832        5.2765755544720809E-012  0.26081339849878488        1181.0182537227122     
          90   8.9999999999999992E-005  0.70781249999999996        8131388512464.3232        6.4689631108097632E-012  0.25735000376259476        1186.2463027403539     
          90   8.9999999999999992E-005  0.68125000000000002        9619340610201.2090        7.9959651221006151E-012  0.25390716787663387        1191.7293924758910     
          90   8.9999999999999992E-005  0.65468750000000009        11451633465413.002        9.9704548698184475E-012  0.25048145254665971        1197.4905829733884     
          90   8.9999999999999992E-005  0.62812500000000004        13725528078177.580        1.2549990729876525E-011  0.24706921698104661        1203.5559855570984     
          90   8.9999999999999992E-005  0.60156250000000000        16570878709370.596        1.5957146285134902E-011  0.24366658092695503        1209.9552704105015     
          90   8.9999999999999992E-005  0.57499999999999996        20162744839500.551        2.0510253825817444E-011  0.24026938247235374        1216.7222708194017     
          90   8.9999999999999992E-005  0.54843750000000002        24739474403044.020        2.6670422752142611E-011  0.23687312975292013        1223.8957035218461     
          90   8.9999999999999992E-005  0.52187500000000009        30628811400148.105        3.5114190806693841E-011  0.23347294542709057        1231.5200287733187     
          90   8.9999999999999992E-005  0.49531250000000004        38381416985119.602        4.6966732619723722E-011  0.23004965757563076        1240.0061923633500     
          90   8.9999999999999992E-005  0.46875000000000000        48491450674966.242        6.3572451881206705E-011  0.22661986559674588        1248.7686124226545     
          90   8.9999999999999992E-005  0.44218750000000007        61928595859786.828        8.7315748166295721E-011  0.22316683536728210        1258.1747394338429     
          90   8.9999999999999992E-005  0.41562500000000002        79979880691329.969        1.2173266421031131E-010  0.21968195032975832        1268.3141385425729     
          90   8.9999999999999992E-005  0.38906249999999998        104467305717945.19        1.7222428430437343E-010  0.21615389267979748        1279.3055902392091     
          90   8.9999999999999992E-005  0.36250000000000004        137947568342408.70        2.4693758010080819E-010  0.21256610149368416        1291.3245017198490     
          90   8.9999999999999992E-005  0.33593750000000000        183919273584982.91        3.5770821543557853E-010  0.20889080024798154        1304.6742981884247     
          90   8.9999999999999992E-005  0.30937500000000007        246941352827600.94        5.2028030452468703E-010  0.20507678669767090        1319.9437649843289     
          90   8.9999999999999992E-005  0.28281250000000002        332428936583147.19        7.5132933043454035E-010  0.20102279392556116        1338.3820513095352     
          90   8.9999999999999992E-005  0.25624999999999998        445858798986819.06        1.0564456011150497E-009  0.19653467786112178        1362.6034105756257     
          90   8.9999999999999992E-005  0.22968750000000004        591124618900066.62        1.3973748214698374E-009  0.19126230798813137        1397.9459017570221     
          90   8.9999999999999992E-005  0.20312500000000000        766119187762638.75        1.6201469288930764E-009  0.18469157169322475        1454.1798432103396     
          90   8.9999999999999992E-005  0.17656250000000007        925974428636817.50        1.3566448298670218E-009  0.17636372422302213        1546.2816481660561     
          90   8.9999999999999992E-005  0.15000000000000002        1300133215669837.8        1.1811527471946054E-009  0.16649838734952641        1690.1706951270166     
          90   8.9999999999999992E-005  0.14776119408197702        1331077008682110.5        1.1559194644837200E-009  0.16564792759834349        1704.7583518341635     
          90   8.9999999999999992E-005  0.14552238816395405        1361225043403020.0        1.1295740187360709E-009  0.16479840252838762        1719.7315918480851     
          90   8.9999999999999992E-005  0.14328358210623265        1389630976924831.2        1.1016329186774383E-009  0.16395083947354633        1735.0827935640812     
          90   8.9999999999999992E-005  0.14104477632790807        1416937188160840.0        1.0729982874291536E-009  0.16310655641195851        1750.8002633747574     
          90   8.9999999999999992E-005  0.13880597054958346        1442843769909123.2        1.0437802158992852E-009  0.16226647486578821        1766.8827608778761     
          90   8.9999999999999992E-005  0.13656716421246531        1466382953496740.0        1.0136098698949398E-009  0.16143235353645541        1783.3094065946079     
          90   8.9999999999999992E-005  0.13432835787534717        1490154264636295.5        9.8462894727256075E-010  0.16060564197098279        1800.0673901422529     
          90   8.9999999999999992E-005  0.13208955265581609        1512116220981135.0        9.5571197356226932E-010  0.15978809223169488        1817.1381783197039     
          90   8.9999999999999992E-005  0.12985074520111087        1533819089240430.8        9.2815426265158349E-010  0.15898169896151440        1834.5022287558074     
          90   8.9999999999999992E-005  0.12761194109916690        1555422970761050.5        9.0221250428757314E-010  0.15818961627132525        1852.1271836337582     
          90   8.9999999999999992E-005  0.12537313476204875        1577314468161340.2        8.7841261117095885E-010  0.15741577791577491        1869.9733649928642     
          90   8.9999999999999992E-005  0.12313432842493059        1600678974062600.8        8.5675973082741365E-010  0.15666520470754064        1887.9931914578324     
          90   8.9999999999999992E-005  0.12089552208781244        1623584236650476.5        8.3646898182949440E-010  0.15593804059775992        1906.1575549005597     
          90   8.9999999999999992E-005  0.11865671575069429        1646459374962228.8        8.1764925022509222E-010  0.15523353299125206        1924.4450530603417     
          90   8.9999999999999992E-005  0.11641790941357615        1668264733305834.8        7.9927416005803209E-010  0.15455298810240603        1942.8161485747019     
          90   8.9999999999999992E-005  0.11417910531163217        1683401631470429.8        7.7803437632338258E-010  0.15389879028928621        1961.2199717163669     
          90   8.9999999999999992E-005  0.11194029897451402        1694285692193526.5        7.5571946770880624E-010  0.15327428398051948        1979.5944063633603     
          90   8.9999999999999992E-005  0.10970149040222170        1694855404192891.8        7.2894761526620603E-010  0.15268244926921465        1997.7056266042398     
          90   8.9999999999999992E-005  0.10746268630027772        1685783475213143.2        6.9862759910223126E-010  0.15206980391212332        2016.2563096625054     
          90   8.9999999999999992E-005  0.10522388219833376        1648837337393957.8        6.5536937510932742E-010  0.15161734003245461        2033.8294596736939     
          90   8.9999999999999992E-005  0.10298507362604142        1597315652269762.0        6.0768690735821672E-010  0.15115418177668083        2051.3163577043192     
          90   8.9999999999999992E-005  0.10074626952409746        1465247566653758.5        5.2461155004716004E-010  0.15074615955734497        2068.3009933455623     
          90   8.9999999999999992E-005   9.8507460951805126E-002   1300443292670840.2        4.3431700575840101E-010  0.15040050679000522        2084.6614945570195     
          90   8.9999999999999992E-005   9.6268656849861162E-002   1106792536373634.2        3.4088033517720908E-010  0.15012552133972204        2100.2376539884795     
          90   8.9999999999999992E-005   9.4029852747917197E-002   896279051527032.12        2.5099902220522623E-010  0.14992883946976010        2114.8848256136139     
          90   8.9999999999999992E-005   9.1791044175624864E-002   676767761424848.12        1.6925999677779027E-010  0.14981844114729465        2128.4293143563395     
          90   8.9999999999999992E-005   8.9552240073680900E-002   476381835509815.94        1.0433004451752305E-010  0.14980068391350576        2140.7240083533798     
          90   8.9999999999999992E-005   8.7313431501388566E-002   310782875850322.88        5.8164891796889519E-011  0.14988090484294911        2151.6288754482903     
          90   8.9999999999999992E-005   8.5074627399444588E-002   186582421586574.22        2.8881415950544045E-011  0.15006365436778388        2161.0131546896646     
          90   8.9999999999999992E-005   8.2835818827152269E-002   103189707128538.41        1.2649083241176710E-011  0.15035372172975062        2168.7438093004453     
          90   8.9999999999999992E-005   8.0597014725208291E-002   52634839430786.969        4.8238491406703113E-012  0.15075712557926457        2174.6751989785871     
          90   8.9999999999999992E-005   7.8358210623264327E-002   24920348531881.598        1.5910260507616983E-012  0.15128186781807043        2178.6414922910953     
          90   8.9999999999999992E-005   7.6119402050971993E-002   11021503916029.676        4.5773050642130888E-013  0.15193809301091621        2180.4581111587149     
          90   8.9999999999999992E-005   7.3880597949028029E-002   4604590689919.8848        1.1855599167368560E-013  0.15273794698473511        2179.9272753610235     
          90   8.9999999999999992E-005   7.1641793847084051E-002   1842703446034.8770        2.9199083855227324E-014  0.15369525252991922        2176.8468474929164     
          90   8.9999999999999992E-005   6.9402980804443376E-002   722999182236.52869        7.1453905069628159E-015  0.15482529401322254        2171.0177378657272     
          90   8.9999999999999992E-005   6.7164176702499398E-002   271441394064.98114        1.8289122233466674E-015  0.15614507609215136        2162.2453206047094     
          90   8.9999999999999992E-005   6.4925372600555434E-002   99611588086.723022        4.7071208142668091E-016  0.15767302726677113        2150.3489032834814     
          90   8.9999999999999992E-005   6.2686568498611456E-002   35619385781.385399        1.2516946806343374E-016  0.15942962235001745        2135.1593427555063     
          90   8.9999999999999992E-005   6.0447764396667492E-002   12678104092.902164        3.4700136754944241E-017  0.16143774242982795        2116.5212002915000     
          90   8.9999999999999992E-005   5.8208951354026803E-002   4529508972.3603230        1.0179280997886889E-017  0.16372308657523815        2094.2951864422216     
          90   8.9999999999999992E-005   5.5970147252082839E-002   1615607080.8001335        3.1422988999720246E-018  0.16631470344732446        2068.3600915968714     
          90   8.9999999999999992E-005   5.3731343150138861E-002   579940019.52643025        1.0266563148984607E-018  0.16924569538073247        2038.6142343747574     
          90   8.9999999999999992E-005   5.1492539048194896E-002   210388908.99580333        3.6305958043028218E-019  0.17255396277624502        2004.9778197522935     
          90   8.9999999999999992E-005   4.9253734946250918E-002   77008956.370196506        1.3427409195552979E-019  0.17628314248955973        1967.3950158930509     
          90   8.9999999999999992E-005   4.7014921903610243E-002   28494525.408923090        5.1909044957487835E-020  0.18048376496804852        1925.8358079225436     
          90   8.9999999999999992E-005   4.4776117801666265E-002   10681645.786499297        2.3753547720255873E-020  0.18521462266130284        1880.2982004814769     
          90   8.9999999999999992E-005   4.2537313699722301E-002   4003796.8143386771        1.2490133703135611E-020  0.19054465178175839        1830.8085853289235     
          90   8.9999999999999992E-005   4.0298509597778323E-002   1494592.9666795128        8.9710487540560349E-021  0.19655514258897183        1777.4231316810306     
          90   8.9999999999999992E-005   3.8059705495834359E-002   552973.03739354212        8.2522778283001496E-021  0.20334266716968197        1720.2278710039097     
          90   8.9999999999999992E-005   3.5820892453193670E-002   197640.53461678434        6.7771415981952998E-021  0.21102288144988088        1659.3381455688550     
          90   8.9999999999999992E-005   3.3582088351249706E-002   67863.894639965773        4.4124522747470852E-021  0.21973538630179590        1594.8983817583457     
          90   8.9999999999999992E-005   3.1343284249305728E-002   21826.632859431978        2.1496467564211549E-021  0.22965075325717738        1527.0774648891586     
          90   8.9999999999999992E-005   2.9104480147361764E-002   6359.6458162512254        8.0770502844108866E-022  0.24098007125197574        1456.0637531462212     
          90   8.9999999999999992E-005   2.6865676045417786E-002   1616.1478584994409        2.3681747467137971E-022  0.25398873610067252        1382.0568376236945     
          90   8.9999999999999992E-005   2.4626863002777111E-002   343.07636130195533        5.4067621325153381E-023  0.26901641770831480        1305.2577805520359     
          90   8.9999999999999992E-005   2.2388058900833147E-002   58.344768943441238        9.5057750574662503E-024  0.28650650666482902        1225.8587656433549     
          90   8.9999999999999992E-005   2.0149254798889155E-002   7.4509371113583365        1.2300485826703113E-024  0.30705206871730817        1144.0274769638738     
          90   8.9999999999999992E-005   1.7910450696945190E-002  0.66330728637067904        1.0998657236502347E-025  0.33146751886394482        1059.8937253685976     
          90   8.9999999999999992E-005   1.5671637654304515E-002   3.7233662276228284E-002   6.1812376722854255E-027  0.36090724323433349        973.53159700444178     
          90   8.9999999999999992E-005   1.3432833552360524E-002   1.1384669873458664E-003   1.8904460831459732E-028  0.39711818316829328        884.83159738176062     
          90   8.9999999999999992E-005   1.1194029450416559E-002   1.5196690036282791E-005   2.5235222334113489E-030  0.44282558549785028        793.55727591514790     
          90   8.9999999999999992E-005   8.9552253484725952E-003   6.2732026801339858E-008   1.0417141192097902E-032  0.50235836821053059        699.56159878638846     
          90   8.9999999999999992E-005   6.7164212465286310E-003   4.5223247989454747E-011   7.5096726234823045E-036  0.58301576018901691        602.81932138353602     
          90   8.9999999999999992E-005   4.4776082038879284E-003   2.0187120267682483E-015   3.3522285461185658E-040  0.69813630175198316        503.44829253145588     
          90   8.9999999999999992E-005   2.2388041019439642E-003   6.2398748933651103E-022   1.0361798229861344E-046  0.87499425970839007        401.71447766769097     
          90   8.9999999999999992E-005   0.0000000000000000        0.0000000000000000        0.0000000000000000        1.1795979685211879        298.00000000000227     
