   1.00000000000000       0.000000000000000E+000  0.000000000000000E+000
  0.000000000000000E+000
  0.973437500000000       4.947156664331507E+016  3.729068074320833E-005
   1875.42971121525     
  0.946875000000000       9.891208865095022E+016  7.464350375556330E-005
   58084.8192233409     
  0.920312500000000       9.275673012888042E+016  7.531940816696983E-005
   57934.4089261997     
  0.893750000000000       8.686731799060486E+016  7.427583337388106E-005
   56501.9957723995     
  0.867187500000000       8.129074567908565E+016  7.222012252417978E-005
   54582.3375734059     
  0.840625000000000       7.600223728984019E+016  6.961630173167585E-005
   52419.0388392447     
  0.814062500000000       7.097191002594186E+016  6.678109733050715E-005
   50167.3061216577     
  0.787500000000000       6.620701716169965E+016  6.397700402318940E-005
   47954.8080932250     
  0.760937500000000       6.171767993550770E+016  6.196904243227391E-005
   46158.9373280145     
  0.734375000000000       5.779183199782078E+016  6.674176642682700E-005
   47679.3428709172     
  0.707812500000000       5.570932955137815E+016  1.180287448333528E-004
   68549.5999194451     
  0.681250000000000       5.694375570803860E+016  5.904854266587025E-004
   192798.644432111     
  0.654687500000000       2.050109540577587E+019  2.053509403137172E-002
   958112.274793819     
  0.628125000000000        3578873119438.89       5.407574588282979E-008
  0.917172978370083     
  0.601562500000000        2155249438749.44       1.717138383796293E-008
  0.321699743193665     
  0.575000000000000        1778589714220.48       1.346188489974825E-007
   1.40745269293596     
  0.548437500000000        1130149392118.36       6.271337741688035E-007
   3.61641095485431     
  0.521875000000000        966206345664.397       1.662081548605164E-007
   1.31513348504192     
  0.495312500000000        715118898451.889       4.266471746978794E-007
   2.41333721439643     
  0.468750000000000       1.446183324666531E+019  8.776851755141467E-003
   476856.589108907     
  0.442187500000000       5.254899941714682E+016  6.034296262850490E-004
   153054.394710466     
  0.415625000000000        433726846.841002       1.427046741027546E-019
  9.676627066067478E-010
  0.389062500000000        60555198.3895601       1.988188217695733E-020
  1.349579224597759E-010
  0.362500000000000        23044424.6539694       7.602054469399865E-021
  5.149087692725589E-011
  0.335937500000000        15264682.1562021       5.028217148228470E-021
  3.407180684917019E-011
  0.309375000000000        22597595.5641118       7.371065707890846E-021
  5.012828933356002E-011
  0.282812500000000       9.208251491592244E+015  1.194463461993018E-008
   9.86517076721126     
  0.256250000000000       3.536878300958721E+016  5.955246062262492E-005
   23415.6546934401     
  0.229687500000000       3.678182943135720E+016  7.337950487399019E-005
   25187.9409880427     
  0.203125000000000       3.555350467150183E+016  4.991850217543812E-005
   18450.8191467831     
  0.176562500000000       3.358790917495933E+016  3.114607485106141E-005
   12137.4217074510     
  0.150000000000000       3.153055500185431E+016  1.639291679188620E-005
   7432.14524815820     
  0.147761194081977       3.109921582165208E+016  1.490055577793661E-005
   6919.78024861305     
  0.145522388163954       3.061826135623643E+016  1.340880051888266E-005
   6397.48380284992     
  0.143283582106233       3.007277612256880E+016  1.195849127070395E-005
   5876.78413435032     
  0.141044776327908       2.948075242105134E+016  1.054105485968412E-005
   5353.85049535466     
  0.138805970549583       2.876647139305446E+016  9.170254815055238E-006
   4832.08702101357     
  0.136567164212465       2.796614261125861E+016  7.862973714276393E-006
   4316.24268891884     
  0.134328358992934       2.707176482841627E+016  6.631339240337622E-006
   3809.81061148934     
  0.132089552655816       2.619823849925312E+016  5.504628101759541E-006
   3323.68005575506     
  0.129850747436285       2.497485460779734E+016  4.684126777351860E-006
   382.426138921719     
  0.127611941099167       2.405785495811969E+016  3.596205394460676E-006
   2428.23332798958     
  0.125373134762049       2.269908336845487E+016  2.821788901543025E-006
   2024.52572544233     
  0.123134328424931       2.136372081467998E+016  2.168637877536559E-006
   1650.59728429322     
  0.120895522087812       1.966123150171891E+016  1.634210280537521E-006
   1273.42632042750     
  0.118656717985868       1.772534525117365E+016  1.215213458975738E-006
   947.297784049581     
  0.116417911648750       1.597104844366536E+016  8.980438860209065E-007
   699.974700180978     
  0.114179105311632       1.455408678377157E+016  6.617289114543761E-007
   515.816336101441     
  0.111940298974514       1.348077769846738E+016  4.874749200224273E-007
   380.091302400832     
  0.109701494872570       1.279177306344886E+016  3.601522608968094E-007
   280.854729035634     
  0.107462686300278       1.272007976401039E+016  2.680174411115633E-007
   209.017170048820     
  0.105223882198334       1.347396156828524E+016  2.019060153983432E-007
   157.552031297322     
  0.102985073626041       1.530884921255943E+016  1.548406246094865E-007
   121.020922357977     
  0.100746269524097       1.834321486391474E+016  1.215362862200179E-007
   95.2695740692731     
  9.850746542215350E-002  2.235335207607522E+016  9.802809688596527E-008
   77.1370313901437     
  9.626865684986116E-002  2.692447533367002E+016  8.137742047894417E-008
   64.3301336620486     
  9.402985274791720E-002  3.160673025774130E+016  6.945856081660745E-008
   55.1943448658674     
  9.179104417562486E-002  3.605576198389366E+016  6.076920328299178E-008
   48.5568770267290     
  8.955224007368090E-002  4.011421617247048E+016  5.427078517400956E-008
   43.6082656359693     
  8.731343597173692E-002  4.380016420730250E+016  4.926862015924121E-008
   39.8099428955070     
  8.507462739944459E-002  4.710347531222474E+016  4.530583099970572E-008
   36.8086906287151     
  8.283582329750062E-002  5.013024720811384E+016  4.202303555316166E-008
   34.3277782576588     
  8.059701472520829E-002  5.299063914456981E+016  3.919203043541416E-008
   32.1929180577750     
  7.835821062326433E-002  5.572677341193975E+016  3.670074926564012E-008
   30.3180858682989     
  7.611940652132035E-002  5.837500179971443E+016  3.446522319293812E-008
   28.6389431858071     
  7.388059794902803E-002  6.096570337455542E+016  3.242420863366457E-008
   27.1086233557001     
  7.164179384708405E-002  6.352315009917059E+016  3.053434673831103E-008
   25.6939697081026     
  6.940298974514009E-002  6.606461763890077E+016  2.876558859104758E-008
   24.3719965841016     
  6.716417670249940E-002  6.860383502107733E+016  2.709733506922650E-008
   23.1269613525551     
  6.492537260055543E-002  7.115214374528178E+016  2.551543621868352E-008
   21.9480513561916     
  6.268656849861146E-002  7.371723976568829E+016  2.400995473874450E-008
   20.8276164443962     
  6.044776439666749E-002  7.630611663061184E+016  2.257369204429018E-008
   19.7601281573056     
  5.820896029472351E-002  7.892608085736102E+016  2.120119953723976E-008
   18.7414255946551     
  5.597014725208284E-002  8.158666892454496E+016  1.988813914239338E-008
   17.7681981978784     
  5.373134315013886E-002  8.429800500976595E+016  1.863092755416356E-008
   16.8377224627636     
  5.149253904819490E-002  8.707224631792930E+016  1.742647209969073E-008
   15.9476601313311     
  4.925373494625092E-002  8.992407444511174E+016  1.627202221860332E-008
   15.0959425458581     
  4.701493084430695E-002  9.287115902698250E+016  1.516508666868530E-008
   14.2806894376967     
  4.477611780166627E-002  9.592991291818438E+016  1.410335511692002E-008
   13.5000910006544     
  4.253731369972230E-002  9.912382406874906E+016  1.308469451291066E-008
   12.7525297097356     
  4.029850959777832E-002  1.026285124539703E+017  1.213514018352386E-008
   11.0233768139584     
  3.805970549583436E-002  1.060451687529349E+017  1.116856281113473E-008
   11.3500326434989     
  3.582090139389038E-002  1.098498665189336E+017  1.026731847794195E-008
   10.6918153491240     
  3.358208835124971E-002  1.139491247754876E+017  9.401545354470615E-009
   10.0599374828066     
  3.134328424930573E-002  1.184049605486818E+017  8.569506072709531E-009
   9.45239920623458     
  2.910448014736176E-002  1.232932789100767E+017  7.769468074930264E-009
   8.86685342816475     
  2.686567604541779E-002  1.287003230007612E+017  6.999707854528654E-009
   8.30034305591529     
  2.462687194347382E-002  1.346980359367397E+017  6.258488182320629E-009
   7.74896629467931     
  2.238805890083315E-002  1.414707533145280E+017  5.544049400252024E-009
   7.20865743603976     
  2.014925479888915E-002  1.491991551029068E+017  4.854632839238666E-009
   6.67372424601002     
  1.791045069694519E-002  1.580990913031029E+017  4.188474886115391E-009
   6.13681909361581     
  1.567164659500123E-002  1.684022971163308E+017  3.543773678125066E-009
   5.58828040903115     
  1.343284249305726E-002  1.802756755459648E+017  2.918795907383385E-009
   5.01511997105488     
  1.119402945041656E-002  1.935926778703080E+017  2.312451733402654E-009
   4.39994743018143     
  8.955225348472595E-003  2.071671316985405E+017  1.725599442808558E-009
   3.71754755502044     
  6.716421246528631E-003  2.164034016682649E+017  1.163823551704112E-009
   2.92979790174288     
  4.477617144584667E-003  2.056503217200266E+017  6.439936863384754E-010
   1.98047764433223     
  2.238813042640675E-003  1.294338659638297E+017  2.118321309803059E-010
  0.837969897764484     
  0.000000000000000E+000  0.000000000000000E+000  0.000000000000000E+000
  0.000000000000000E+000
