   1.00000000000000       0.000000000000000E+000  0.000000000000000E+000
  0.000000000000000E+000
  0.973437500000000       1.315351051104704E+017  7.146980373817145E-005
   4004.41256376821     
  0.946875000000000       1.091281932712397E+017  7.031458851652615E-005
   3725.67779362581     
  0.920312500000000       9.920344516355168E+016  6.853717379123130E-005
   3549.88910065508     
  0.893750000000000       9.332180241196854E+016  6.636926955103586E-005
   3405.78490168990     
  0.867187500000000       8.931258790487846E+016  6.396171223745629E-005
   3275.54320436764     
  0.840625000000000       8.634473211854717E+016  6.139683516464203E-005
   3152.39707501693     
  0.814062500000000       8.401736914577530E+016  5.873372264746962E-005
   3033.40359514398     
  0.787500000000000       8.211271496753602E+016  5.601687176113896E-005
   2917.22765269535     
  0.760937500000000       8.049612043413640E+016  5.327994494068645E-005
   2803.17934066925     
  0.734375000000000       7.907518394433410E+016  5.054763355223260E-005
   2690.82369416646     
  0.707812500000000       7.778576230482520E+016  4.784330728084312E-005
   2580.11421472551     
  0.681250000000000       7.661487703140998E+016  4.517665740115890E-005
   2471.07022949553     
  0.654687500000000       7.551032861588613E+016  4.256485969497911E-005
   2363.65609114944     
  0.628125000000000       7.444299214422746E+016  4.000989095771420E-005
   2257.58195606170     
  0.601562500000000       7.340150728132422E+016  3.751425213340008E-005
   2152.78417978713     
  0.575000000000000       7.235804868131645E+016  3.507626126408391E-005
   2048.86061603282     
  0.548437500000000       7.127762304791030E+016  3.269162148897392E-005
   1945.31890523853     
  0.521875000000000       7.015908859877748E+016  3.035556812497886E-005
   1841.95086748350     
  0.495312500000000       6.896601114738387E+016  2.806744272820846E-005
   1738.39174021654     
  0.468750000000000       6.768898905074131E+016  2.582525412447677E-005
   1634.49131173594     
  0.442187500000000       6.630004785632098E+016  2.362558757259382E-005
   1529.86893042411     
  0.415625000000000       6.475515432315016E+016  2.146525028893048E-005
   1424.06199132928     
  0.389062500000000       6.302377876511454E+016  1.934436197776185E-005
   1316.87719661417     
  0.362500000000000       6.106639420755243E+016  1.726244186077700E-005
   1208.03528781865     
  0.335937500000000       5.881623888208746E+016  1.521561727888501E-005
   1096.98177604542     
  0.309375000000000       5.616009949966476E+016  1.319537828182585E-005
   982.735780938451     
  0.282812500000000       5.295030380709625E+016  1.118128798505834E-005
   863.547505947938     
  0.256250000000000       4.882898990212452E+016  9.122765841263278E-006
   735.120392484049     
  0.229687500000000       4.278364405076798E+016  6.871742920956262E-006
   584.795590331661     
  0.203125000000000       3.181286008535543E+016  4.038659739108144E-006
   374.684909097017     
  0.176562500000000       2.925843466411947E+016  9.264135996703133E-007
   124.409624732017     
  0.150000000000000       4.955529988018032E+016  8.466560973333049E-007
   137.972060886285     
  0.147761194081977       4.961345186159111E+016  9.236034148077317E-007
   146.182570664753     
  0.145522388163954       4.927673619163611E+016  1.021654751152969E-006
   155.892814631418     
  0.143283582106233       4.860398885370471E+016  1.148594315021907E-006
   167.675239037513     
  0.141044776327908       4.766442634263974E+016  1.315188356177812E-006
   182.220579832995     
  0.138805970549583       4.653650640107542E+016  1.536975509143664E-006
   200.544821656686     
  0.136567164212465       4.539494260203897E+016  1.831673510289223E-006
   223.897961495902     
  0.134328358992934       4.422232586850635E+016  2.226601669762212E-006
   253.554820952545     
  0.132089552655816       4.303033176066699E+016  2.752501312476022E-006
   290.740412826024     
  0.129850747436285       4.202515069702362E+016  3.445918871504762E-006
   336.846286616742     
  0.127611941099167       4.139318748535002E+016  4.330171086290015E-006
   392.643269738166     
  0.125373134762049       4.103162643725159E+016  5.395137949511731E-006
   455.935539170687     
  0.123134328424931       4.083171984494651E+016  6.513141993264875E-006
   518.704132414190     
  0.120895522087812       4.076138367565276E+016  7.368984704458042E-006
   564.591103592878     
  0.118656717985868       4.071057753767392E+016  7.371472504126682E-006
   564.549686764813     
  0.116417911648750       4.056726829989402E+016  5.888505755486477E-006
   483.020651507678     
  0.114179105311632       4.029759356888944E+016  3.061893243585987E-006
   307.305488307889     
  0.111940298974514       4.366334877087312E+016  6.054911006084374E-007
   105.841906153609     
  0.109701494872570       1.076653158763708E+017  7.962138257839678E-009
   7.29128039828812     
  0.107462686300278       1.767328467115623E+016  9.446490740106114E-012
  5.356629747837569E-002
  0.105223882198334       1.169920524879242E+016  6.245107168238041E-012
  3.542459998066730E-002
  0.102985073626041       9.013850073401234E+015  4.810510281783596E-012
  2.728743786140888E-002
  0.100746269524097       7.560666335070806E+015  4.034847856973864E-012
  2.288704688305079E-002
  9.850746542215350E-002  6.672552579729794E+015  3.560974651059517E-012
  2.019856785723069E-002
  9.626865684986116E-002  6.079166112789995E+015  3.244413044918509E-012
  1.840254972898576E-002
  9.402985274791720E-002  5.656297987411124E+015  3.018836728927342E-012
  1.712273856037187E-002
  9.179104417562486E-002  5.341886562473885E+015  2.851120649328398E-012
  1.617120623019643E-002
  8.955224007368090E-002  5.102578291515074E+015  2.723467923646990E-012
  1.544697960792491E-002
  8.731343597173692E-002  4.919106540582086E+015  2.625600426866791E-012
  1.489174172646030E-002
  8.507462739944459E-002  4.779559668177562E+015  2.551164579443765E-012
  1.446944215022084E-002
  8.283582329750062E-002  4.676130887366495E+015  2.495996625650161E-012
  1.415645540348044E-002
  8.059701472520829E-002  4.603481719474916E+015  2.457249370283659E-012
  1.393662639887610E-002
  7.835821062326433E-002  4.557872198174625E+015  2.432928141582943E-012
  1.379863754267600E-002
  7.611940652132035E-002  4.536662542115711E+015  2.421624969984799E-012
  1.373450044965538E-002
  7.388059794902803E-002  4.538010860942895E+015  2.422357342166042E-012
  1.373864102749450E-002
  7.164179384708405E-002  4.560675551459900E+015  2.434462787702464E-012
  1.380730138806142E-002
  6.940298974514009E-002  4.603879532319198E+015  2.457526431284686E-012
  1.393812884849978E-002
  6.716417670249940E-002  4.667210452181315E+015  2.491327706875617E-012
  1.412987370961909E-002
  6.492537260055543E-002  4.750536679671216E+015  2.535795456371769E-012
  1.438213467220591E-002
  6.268656849861146E-002  4.853931553378112E+015  2.590967389253809E-012
  1.469512907901561E-002
  6.044776439666749E-002  4.977588764965943E+015  2.656944750359604E-012
  1.506943607761520E-002
  5.820896029472351E-002  5.121720521114962E+015  2.733837722648864E-012
  1.550568734779981E-002
  5.597014725208284E-002  5.286424330633734E+015  2.821693972324325E-012
  1.600416238225508E-002
  5.373134315013886E-002  5.471488229356881E+015  2.920394261611387E-012
  1.656419704697476E-002
  5.149253904819490E-002  5.676143503268733E+015  3.029519899641599E-012
  1.718343258434529E-002
  4.925373494625092E-002  5.898721439760190E+015  3.148169021620517E-012
  1.785677415776236E-002
  4.701493084430695E-002  6.136187800501044E+015  3.274707169779763E-012
  1.857497734817467E-002
  4.477611780166627E-002  6.392867428162318E+015  3.412880229829778E-012
  1.935685524144603E-002
  4.253731369972230E-002  7.034781398307568E+015  3.755990557707204E-012
  2.130258068350852E-002
  4.029850959777832E-002  7.853590265163026E+015  4.193620517500067E-012
  2.378443305435448E-002
  3.805970549583436E-002  8.911185148829964E+015  4.759129481916786E-012
  2.699123939300772E-002
  3.582090139389038E-002  1.029709844480451E+016  5.500677742604466E-012
  3.119577094667688E-002
  3.358208835124971E-002  1.214277820478483E+016  6.489184364937883E-012
  3.679942271644723E-002
  3.134328424930573E-002  1.464350935907519E+016  7.830500602724064E-012
  4.440063290558523E-002
  2.910448014736176E-002  1.809248470070630E+016  9.684749470303579E-012
  5.490296222057893E-002
  2.686567604541779E-002  2.293233269284030E+016  1.229681746817215E-011
  6.968363445980189E-002
  2.462687194347382E-002  2.982966654223064E+016  1.604440375829813E-011
  9.085322821077062E-002
  2.238805890083315E-002  3.976991572395595E+016  2.151306581123937E-011
  0.121641313570009     
  2.014925479888915E-002  5.412859902054154E+016  2.961394253591710E-011
  0.166927035046312     
  1.791045069694519E-002  7.526478026292832E+016  4.109461889010482E-011
  0.232277843349382     
  1.567164659500123E-002  1.111071730126424E+017  6.106031661480726E-011
  0.346132730069176     
  1.343284249305726E-002  1.276167560678859E+017  8.747566947010237E-011
  0.462838992878920     
  1.119402945041656E-002  1.154799268058980E+017  9.317380269144532E-011
  0.471049136753706     
  8.955225348472595E-003  8.650768131481242E+016  7.740226800782883E-011
  0.381310697872648     
  6.716421246528631E-003  5.508974877709671E+016  5.281208339432098E-011
  0.255929785688441     
  4.477617144584667E-003  2.735727260341807E+016  2.728873023964744E-011
  0.131083499317527     
  2.238813042640675E-003  7.369716393970908E+015  7.507670279415778E-012
  3.591271573890047E-002
  0.000000000000000E+000  0.000000000000000E+000  0.000000000000000E+000
  0.000000000000000E+000
